<?xml version="1.0" encoding="UTF-8" ?>
<testsuite failures="0" time="0.532" errors="0" skipped="0" tests="3" name="clove.neptune.bpeldeployment.xsl.WSDLHelperTest">
  <properties>
    <property name="java.runtime.name" value="Java(TM) SE Runtime Environment"/>
    <property name="sun.boot.library.path" value="C:\Sun\SDK\jdk\jre\bin"/>
    <property name="java.vm.version" value="14.2-b01"/>
    <property name="java.vm.vendor" value="Sun Microsystems Inc."/>
    <property name="java.vendor.url" value="http://java.sun.com/"/>
    <property name="path.separator" value=";"/>
    <property name="java.vm.name" value="Java HotSpot(TM) Client VM"/>
    <property name="file.encoding.pkg" value="sun.io"/>
    <property name="user.country" value="US"/>
    <property name="sun.java.launcher" value="SUN_STANDARD"/>
    <property name="sun.os.patch.level" value="Service Pack 3"/>
    <property name="java.vm.specification.name" value="Java Virtual Machine Specification"/>
    <property name="user.dir" value="C:\Documents and Settings\Admin\Desktop\BPEL Deployment\Andrey\bpel-deployer\Final\pbel-deployment\bpel-deployment-xsl"/>
    <property name="java.runtime.version" value="1.6.0_16-b01"/>
    <property name="java.awt.graphicsenv" value="sun.awt.Win32GraphicsEnvironment"/>
    <property name="basedir" value="C:\Documents and Settings\Admin\Desktop\BPEL Deployment\Andrey\bpel-deployer\Final\pbel-deployment\bpel-deployment-xsl"/>
    <property name="java.endorsed.dirs" value="C:\Sun\SDK\jdk\jre\lib\endorsed"/>
    <property name="os.arch" value="x86"/>
    <property name="surefire.real.class.path" value="C:\DOCUME~1\Admin\LOCALS~1\Temp\surefirebooter4532348546772925910.jar"/>
    <property name="java.io.tmpdir" value="C:\DOCUME~1\Admin\LOCALS~1\Temp\"/>
    <property name="line.separator" value="
"/>
    <property name="java.vm.specification.vendor" value="Sun Microsystems Inc."/>
    <property name="user.variant" value=""/>
    <property name="os.name" value="Windows XP"/>
    <property name="sun.jnu.encoding" value="Cp1256"/>
    <property name="java.library.path" value="C:\Sun\SDK\jdk\jre\bin;.;C:\WINDOWS\Sun\Java\bin;C:\WINDOWS\system32;C:\WINDOWS;&quot;C:\Documents and Settings\Admin\Desktop\Apache Projects\apache-maven-2.2.1\bin&quot;"/>
    <property name="surefire.test.class.path" value="C:\Documents and Settings\Admin\Desktop\BPEL Deployment\Andrey\bpel-deployer\Final\pbel-deployment\bpel-deployment-xsl\target\test-classes;C:\Documents and Settings\Admin\Desktop\BPEL Deployment\Andrey\bpel-deployer\Final\pbel-deployment\bpel-deployment-xsl\target\classes;C:\Documents and Settings\Admin\.m2\repository\wsdl4j\wsdl4j\1.6.2\wsdl4j-1.6.2.jar;C:\Documents and Settings\Admin\.m2\repository\junit\junit\4.3.1\junit-4.3.1.jar;"/>
    <property name="java.specification.name" value="Java Platform API Specification"/>
    <property name="java.class.version" value="50.0"/>
    <property name="sun.management.compiler" value="HotSpot Client Compiler"/>
    <property name="os.version" value="5.1"/>
    <property name="user.home" value="C:\Documents and Settings\Admin"/>
    <property name="user.timezone" value="Asia/Muscat"/>
    <property name="java.awt.printerjob" value="sun.awt.windows.WPrinterJob"/>
    <property name="java.specification.version" value="1.6"/>
    <property name="file.encoding" value="Cp1252"/>
    <property name="user.name" value="Admin"/>
    <property name="java.class.path" value="C:\Documents and Settings\Admin\Desktop\BPEL Deployment\Andrey\bpel-deployer\Final\pbel-deployment\bpel-deployment-xsl\target\test-classes;C:\Documents and Settings\Admin\Desktop\BPEL Deployment\Andrey\bpel-deployer\Final\pbel-deployment\bpel-deployment-xsl\target\classes;C:\Documents and Settings\Admin\.m2\repository\wsdl4j\wsdl4j\1.6.2\wsdl4j-1.6.2.jar;C:\Documents and Settings\Admin\.m2\repository\junit\junit\4.3.1\junit-4.3.1.jar;"/>
    <property name="java.vm.specification.version" value="1.0"/>
    <property name="sun.arch.data.model" value="32"/>
    <property name="java.home" value="C:\Sun\SDK\jdk\jre"/>
    <property name="java.specification.vendor" value="Sun Microsystems Inc."/>
    <property name="user.language" value="en"/>
    <property name="awt.toolkit" value="sun.awt.windows.WToolkit"/>
    <property name="java.vm.info" value="mixed mode"/>
    <property name="java.version" value="1.6.0_16"/>
    <property name="java.ext.dirs" value="C:\Sun\SDK\jdk\jre\lib\ext;C:\WINDOWS\Sun\Java\lib\ext"/>
    <property name="sun.boot.class.path" value="C:\Sun\SDK\jdk\jre\lib\resources.jar;C:\Sun\SDK\jdk\jre\lib\rt.jar;C:\Sun\SDK\jdk\jre\lib\sunrsasign.jar;C:\Sun\SDK\jdk\jre\lib\jsse.jar;C:\Sun\SDK\jdk\jre\lib\jce.jar;C:\Sun\SDK\jdk\jre\lib\charsets.jar;C:\Sun\SDK\jdk\jre\classes"/>
    <property name="java.vendor" value="Sun Microsystems Inc."/>
    <property name="localRepository" value="C:\Documents and Settings\Admin\.m2\repository"/>
    <property name="file.separator" value="\"/>
    <property name="java.vendor.url.bug" value="http://java.sun.com/cgi-bin/bugreport.cgi"/>
    <property name="sun.cpu.endian" value="little"/>
    <property name="sun.io.unicode.encoding" value="UnicodeLittle"/>
    <property name="sun.desktop" value="windows"/>
    <property name="sun.cpu.isalist" value="pentium_pro+mmx pentium_pro pentium+mmx pentium i486 i386 i86"/>
  </properties>
  <testcase time="0.5" classname="clove.neptune.bpeldeployment.xsl.WSDLHelperTest" name="testGetPortType"/>
  <testcase time="0" classname="clove.neptune.bpeldeployment.xsl.WSDLHelperTest" name="testGetService"/>
  <testcase time="0" classname="clove.neptune.bpeldeployment.xsl.WSDLHelperTest" name="testGetPort"/>
</testsuite>